<?xml version="1.0" encoding="UTF-8"?>
<!-- Generated by org.testng.reporters.JUnitReportReporter -->
<testsuite hostname="LAPTOP-1S35ILCM" failures="0" tests="1" name="TestCases.TC01_Test" time="46.023" errors="0" timestamp="2020-06-08T10:15:39 CDT" skipped="0">
  <testcase classname="TestCases.TC01_Test" name="Test1" time="46.023"/>
</testsuite> <!-- TestCases.TC01_Test -->
